[debug] [2023-05-22T02:51:05.056Z] ----------------------------------------------------------------------
[debug] [2023-05-22T02:51:05.058Z] Command:       C:\Program Files\nodejs\node.exe C:\Users\athir\AppData\Roaming\npm\node_modules\firebase-tools\lib\bin\firebase.js init
[debug] [2023-05-22T02:51:05.058Z] CLI Version:   12.1.0
[debug] [2023-05-22T02:51:05.059Z] Platform:      win32
[debug] [2023-05-22T02:51:05.059Z] Node Version:  v18.16.0
[debug] [2023-05-22T02:51:05.060Z] Time:          Mon May 22 2023 08:21:05 GMT+0530 (India Standard Time)
[debug] [2023-05-22T02:51:05.060Z] ----------------------------------------------------------------------
[debug] 
[debug] [2023-05-22T02:51:05.068Z] > command requires scopes: ["email","openid","https://www.googleapis.com/auth/cloudplatformprojects.readonly","https://www.googleapis.com/auth/firebase","https://www.googleapis.com/auth/cloud-platform"]
[debug] [2023-05-22T02:51:05.068Z] > authorizing via signed-in user (athiraazad7@gmail.com)
[info] 
     ######## #### ########  ######## ########     ###     ######  ########
     ##        ##  ##     ## ##       ##     ##  ##   ##  ##       ##
     ######    ##  ########  ######   ########  #########  ######  ######
     ##        ##  ##    ##  ##       ##     ## ##     ##       ## ##
     ##       #### ##     ## ######## ########  ##     ##  ######  ########

You're about to initialize a Firebase project in this directory:

  C:\projects\social_media

Before we get started, keep in mind:

  * You are currently outside your home directory

[info] 
=== Project Setup
[info] 
[info] First, let's associate this project directory with a Firebase project.
[info] You can create multiple project aliases by running firebase use --add, 
[info] but for now we'll just set up a default project.
[info] 
[debug] [2023-05-22T02:52:47.142Z] >>> [apiv2][query] GET https://firebase.googleapis.com/v1beta1/projects pageSize=100
[debug] [2023-05-22T02:52:48.751Z] <<< [apiv2][status] GET https://firebase.googleapis.com/v1beta1/projects 200
[debug] [2023-05-22T02:52:48.752Z] <<< [apiv2][body] GET https://firebase.googleapis.com/v1beta1/projects [omitted]
[info] i  Using project social-media-1c575 (social-media) 
[info] 
=== Hosting Setup
[info] 
[info] Your public directory is the folder (relative to your project directory) that
[info] will contain Hosting assets to be uploaded with firebase deploy. If you
[info] have a build process for your assets, use your build's output directory.
[info] 
[info] +  Wrote public/404.html 
[debug] [2023-05-22T02:54:20.713Z] >>> [apiv2][query] GET https://www.gstatic.com/firebasejs/releases.json [none]
[debug] [2023-05-22T02:54:20.914Z] <<< [apiv2][status] GET https://www.gstatic.com/firebasejs/releases.json 200
[debug] [2023-05-22T02:54:20.914Z] <<< [apiv2][body] GET https://www.gstatic.com/firebasejs/releases.json {"current":{"version":"9.22.0","browserURL":"https://www.gstatic.com/firebasejs/9.22.0/firebase.js","packageURL":"https://www.gstatic.com/firebasejs/9.22.0/firebase.tgz"},"live":{"version":"9.22","browserURL":"https://www.gstatic.com/firebasejs/live/9.22/firebase.js","packageURL":"https://www.gstatic.com/firebasejs/live/9.22/firebase.tgz"},"components":{"analytics":"https://www.gstatic.com/firebasejs/9.22.0/firebase-analytics.js","app":"https://www.gstatic.com/firebasejs/9.22.0/firebase-app.js","app-check":"https://www.gstatic.com/firebasejs/9.22.0/firebase-app-check.js","auth":"https://www.gstatic.com/firebasejs/9.22.0/firebase-auth.js","auth/cordova":"https://www.gstatic.com/firebasejs/9.22.0/firebase-auth/cordova.js","auth/react-native":"https://www.gstatic.com/firebasejs/9.22.0/firebase-auth/react-native.js","functions":"https://www.gstatic.com/firebasejs/9.22.0/firebase-functions.js","firestore":"https://www.gstatic.com/firebasejs/9.22.0/firebase-firestore.js","firestore/lite":"https://www.gstatic.com/firebasejs/9.22.0/firebase-firestore/lite.js","installations":"https://www.gstatic.com/firebasejs/9.22.0/firebase-installations.js","storage":"https://www.gstatic.com/firebasejs/9.22.0/firebase-storage.js","performance":"https://www.gstatic.com/firebasejs/9.22.0/firebase-performance.js","remote-config":"https://www.gstatic.com/firebasejs/9.22.0/firebase-remote-config.js","messaging":"https://www.gstatic.com/firebasejs/9.22.0/firebase-messaging.js","messaging/sw":"https://www.gstatic.com/firebasejs/9.22.0/firebase-messaging/sw.js","database":"https://www.gstatic.com/firebasejs/9.22.0/firebase-database.js","firestore.memory":"https://www.gstatic.com/firebasejs/9.22.0/firebase-firestore.memory.js"}}
[info] i  Skipping write of public/index.html 
[info] 
[info] i  Detected a .git folder at C:\projects\social_media 
[info] i  Authorizing with GitHub to upload your service account to a GitHub repository's secrets store. 
[info] 
[info] Visit this URL on this device to log in:
[info] https://github.com/login/oauth/authorize?client_id=89cf50f02ac6aaed3484&state=1031515372&redirect_uri=http%3A%2F%2Flocalhost%3A9005&scope=read%3Auser%20repo%20public_repo
[info] 
[info] Waiting for authentication...
[debug] [2023-05-22T02:55:15.973Z] >>> [apiv2][query] POST https://github.com/login/oauth/access_token [none]
[debug] [2023-05-22T02:55:15.973Z] >>> [apiv2][body] POST https://github.com/login/oauth/access_token [stream]
[debug] [2023-05-22T02:55:16.509Z] <<< [apiv2][status] POST https://github.com/login/oauth/access_token 200
[debug] [2023-05-22T02:55:16.509Z] <<< [apiv2][body] POST https://github.com/login/oauth/access_token {"access_token":"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","token_type":"bearer","scope":"read:user,repo"}
[debug] [2023-05-22T02:55:16.518Z] >>> [apiv2][query] GET https://api.github.com/user [none]
[debug] [2023-05-22T02:55:17.119Z] <<< [apiv2][status] GET https://api.github.com/user 200
[debug] [2023-05-22T02:55:17.119Z] <<< [apiv2][body] GET https://api.github.com/user {"login":"07-athi","id":75476755,"node_id":"MDQ6VXNlcjc1NDc2NzU1","avatar_url":"https://avatars.githubusercontent.com/u/75476755?v=4","gravatar_id":"","url":"https://api.github.com/users/07-athi","html_url":"https://github.com/07-athi","followers_url":"https://api.github.com/users/07-athi/followers","following_url":"https://api.github.com/users/07-athi/following{/other_user}","gists_url":"https://api.github.com/users/07-athi/gists{/gist_id}","starred_url":"https://api.github.com/users/07-athi/starred{/owner}{/repo}","subscriptions_url":"https://api.github.com/users/07-athi/subscriptions","organizations_url":"https://api.github.com/users/07-athi/orgs","repos_url":"https://api.github.com/users/07-athi/repos","events_url":"https://api.github.com/users/07-athi/events{/privacy}","received_events_url":"https://api.github.com/users/07-athi/received_events","type":"User","site_admin":false,"name":"Athira Azad","company":null,"blog":"","location":null,"email":null,"hireable":null,"bio":null,"twitter_username":null,"public_repos":12,"public_gists":0,"followers":2,"following":3,"created_at":"2020-12-04T09:55:06Z","updated_at":"2023-05-16T08:31:49Z","private_gists":0,"total_private_repos":7,"owned_private_repos":7,"disk_usage":3204,"collaborators":0,"two_factor_authentication":false,"plan":{"name":"free","space":976562499,"collaborators":0,"private_repos":10000}}
[info] 
[info] +  Success! Logged into GitHub as 07-athi 
[info] 
